<?xml version="1.0" encoding="UTF-8"?>
<testng-results ignored="0" total="1" passed="1" failed="0" skipped="0">
  <reporter-output>
  </reporter-output>
  <suite started-at="2024-11-28T08:56:00 IST" name="Default suite" finished-at="2024-11-28T08:56:01 IST" duration-ms="68">
    <groups>
    </groups>
    <test started-at="2024-11-28T08:56:00 IST" name="Default test" finished-at="2024-11-28T08:56:01 IST" duration-ms="68">
      <class name="com.demo.JUnitDemo">
        <test-method signature="test()[pri:0, instance:com.demo.JUnitDemo@1cf6d1be]" started-at="2024-11-28T08:56:00 IST" name="test" finished-at="2024-11-28T08:56:00 IST" duration-ms="15" status="PASS">
          <reporter-output>
          </reporter-output>
        </test-method> <!-- test -->
      </class> <!-- com.demo.JUnitDemo -->
    </test> <!-- Default test -->
  </suite> <!-- Default suite -->
</testng-results>
